{
  "RSpec": {
    "coverage": {
      "/Users/01014501/src/twi_event/spec/controllers/events_controller_spec.rb": [
        1,
        null,
        1,
        null,
        1,
        1,
        1,
        1,
        null,
        null,
        null,
        null,
        null
      ],
      "/Users/01014501/src/twi_event/spec/rails_helper.rb": [
        null,
        1,
        1,
        null,
        1,
        1,
        1,
        1,
        1,
        null,
        null,
        null,
        null,
        null,
        null,
        null,
        null,
        null,
        null,
        null,
        null,
        null,
        null,
        null,
        null,
        2,
        null,
        null,
        null,
        1,
        null,
        1,
        null,
        1,
        null,
        null,
        null,
        null,
        1,
        null,
        null,
        null,
        null,
        null,
        null,
        null,
        null,
        null,
        null,
        null,
        null,
        null,
        null,
        1,
        null,
        null,
        1,
        null,
        null,
        null,
        1,
        1,
        null,
        1,
        1,
        null,
        null,
        1,
        138,
        null,
        null,
        1,
        128,
        null,
        128,
        0,
        null,
        null,
        null,
        1,
        138,
        null,
        null,
        1,
        138,
        null,
        null
      ],
      "/Users/01014501/src/twi_event/config/environment.rb": [
        null,
        1,
        null,
        null,
        1
      ],
      "/Users/01014501/src/twi_event/config/application.rb": [
        1,
        null,
        1,
        null,
        null,
        null,
        1,
        null,
        1,
        1,
        null,
        null,
        null,
        null,
        null,
        null,
        null,
        null,
        null,
        null,
        null,
        null,
        null,
        1,
        1,
        1,
        1,
        null,
        1,
        1,
        1,
        null,
        null
      ],
      "/Users/01014501/src/twi_event/config/boot.rb": [
        1,
        null,
        1
      ],
      "/Users/01014501/src/twi_event/config/initializers/config.rb": [
        1,
        null,
        0,
        null,
        null,
        null,
        null
      ],
      "/Users/01014501/src/twi_event/config/environments/test.rb": [
        1,
        null,
        null,
        null,
        null,
        null,
        null,
        1,
        null,
        null,
        null,
        null,
        1,
        null,
        null,
        1,
        1,
        null,
        null,
        1,
        1,
        null,
        null,
        1,
        1,
        null,
        1,
        null,
        null,
        null,
        null,
        1,
        null,
        null,
        1,
        null,
        null,
        1,
        1,
        null,
        null,
        null
      ],
      "/Users/01014501/src/twi_event/config/initializers/assets.rb": [
        null,
        null,
        null,
        1,
        null,
        null,
        null,
        null,
        null,
        null,
        null
      ],
      "/Users/01014501/src/twi_event/config/initializers/backtrace_silencers.rb": [
        null,
        null,
        null,
        null,
        null,
        null,
        null
      ],
      "/Users/01014501/src/twi_event/config/initializers/cookies_serializer.rb": [
        null,
        null,
        1
      ],
      "/Users/01014501/src/twi_event/config/initializers/filter_parameter_logging.rb": [
        null,
        null,
        null,
        1
      ],
      "/Users/01014501/src/twi_event/config/initializers/inflections.rb": [
        null,
        null,
        null,
        null,
        null,
        null,
        null,
        null,
        null,
        null,
        null,
        null,
        null,
        null,
        null,
        null
      ],
      "/Users/01014501/src/twi_event/config/initializers/mime_types.rb": [
        null,
        null,
        null,
        null
      ],
      "/Users/01014501/src/twi_event/config/initializers/omniauth.rb": [
        1,
        1,
        1,
        1,
        null,
        null,
        null,
        1,
        null,
        6,
        null,
        null
      ],
      "/Users/01014501/src/twi_event/config/initializers/session_store.rb": [
        null,
        null,
        1
      ],
      "/Users/01014501/src/twi_event/config/initializers/wrap_parameters.rb": [
        null,
        null,
        null,
        null,
        null,
        null,
        1,
        1,
        null,
        null,
        null,
        null,
        null,
        null
      ],
      "/Users/01014501/src/twi_event/spec/factories/atendees.rb": [
        1,
        1,
        1,
        1,
        1,
        null,
        null
      ],
      "/Users/01014501/src/twi_event/spec/factories/events.rb": [
        1,
        1,
        1,
        70,
        70,
        51,
        70,
        70,
        70,
        null,
        null
      ],
      "/Users/01014501/src/twi_event/spec/factories/users.rb": [
        1,
        1,
        192,
        192,
        192,
        192,
        192,
        192,
        192,
        1,
        1,
        1,
        0,
        0,
        null,
        null,
        null,
        null,
        null
      ],
      "/Users/01014501/src/twi_event/config/routes.rb": [
        1,
        1,
        null,
        1,
        1,
        1,
        1,
        1,
        1,
        1,
        1,
        1,
        1,
        1,
        1,
        1,
        null,
        null,
        1,
        1,
        1,
        null,
        null,
        null,
        null,
        null,
        null,
        null,
        null,
        null,
        null,
        null,
        null,
        null,
        null,
        null,
        null,
        null,
        null,
        null,
        null,
        null,
        null,
        null,
        null,
        null,
        null,
        null,
        null,
        null,
        null,
        null,
        null,
        null,
        null,
        null,
        null,
        null,
        null,
        null,
        null,
        null,
        null,
        null,
        null,
        null,
        null,
        null,
        null,
        null,
        null,
        null,
        null,
        null,
        null,
        null,
        null
      ],
      "/Users/01014501/src/twi_event/app/helpers/application_helper.rb": [
        1,
        null
      ],
      "/Users/01014501/src/twi_event/app/helpers/sessions_helper.rb": [
        1,
        1,
        24,
        24,
        0,
        null,
        24,
        null,
        null,
        null,
        1,
        648,
        null,
        null,
        1,
        621,
        621,
        null,
        null,
        null,
        null,
        null,
        null,
        null,
        null,
        null,
        1,
        6,
        null,
        null,
        1,
        63,
        4,
        null,
        null,
        null,
        null
      ],
      "/Users/01014501/src/twi_event/spec/support/login_helper.rb": [
        1,
        1,
        61,
        null,
        null
      ],
      "/Users/01014501/src/twi_event/app/controllers/events_controller.rb": [
        1,
        1,
        1,
        56,
        null,
        null,
        1,
        157,
        null,
        null,
        1,
        2,
        null,
        null,
        1,
        3,
        null,
        null,
        1,
        2,
        2,
        2,
        2,
        2,
        null,
        0,
        null,
        null,
        null,
        1,
        2,
        2,
        2,
        null,
        null,
        1,
        2,
        2,
        2,
        2,
        null,
        0,
        null,
        null,
        null,
        1,
        2,
        2,
        2,
        2,
        null,
        null,
        1,
        16,
        16,
        4,
        4,
        null,
        12,
        12,
        12,
        null,
        16,
        null,
        null,
        1,
        18,
        18,
        18,
        18,
        18,
        18,
        4,
        4,
        null,
        18,
        null,
        null,
        1,
        12,
        12,
        3,
        3,
        null,
        9,
        9,
        9,
        null,
        12,
        null,
        null,
        1,
        null,
        null,
        1,
        4,
        null,
        null,
        1,
        2,
        null,
        0,
        0,
        null,
        0,
        0,
        null,
        null,
        null
      ],
      "/Users/01014501/src/twi_event/app/controllers/application_controller.rb": [
        1,
        null,
        null,
        1,
        1,
        1,
        1,
        null,
        null
      ],
      "/Users/01014501/src/twi_event/spec/controllers/sessions_controller_spec.rb": [
        1,
        null,
        1,
        null,
        null
      ],
      "/Users/01014501/src/twi_event/app/controllers/sessions_controller.rb": [
        1,
        1,
        9,
        9,
        null,
        null,
        null
      ],
      "/Users/01014501/src/twi_event/spec/controllers/users_controller_spec.rb": [
        1,
        null,
        1,
        null,
        null,
        null
      ],
      "/Users/01014501/src/twi_event/app/controllers/users_controller.rb": [
        1,
        null,
        1,
        54,
        null,
        null,
        1,
        24,
        24,
        24,
        7,
        7,
        null,
        17,
        null,
        24,
        24,
        24,
        null,
        0,
        null,
        null,
        null,
        1,
        null,
        null,
        1,
        null,
        null,
        1,
        0,
        null,
        null,
        null
      ],
      "/Users/01014501/src/twi_event/spec/features/events_spec.rb": [
        1,
        null,
        1,
        28,
        null,
        1,
        4,
        1,
        3,
        null,
        null,
        2,
        2,
        null,
        1,
        1,
        1,
        null,
        null,
        1,
        1,
        null,
        null,
        null,
        null,
        1,
        33,
        1,
        32,
        null,
        null,
        2,
        2,
        2,
        2,
        2,
        2,
        2,
        2,
        null,
        1,
        1,
        8,
        null,
        null,
        2,
        2,
        2,
        2,
        null,
        1,
        5,
        5,
        null,
        1,
        4,
        null,
        null,
        2,
        2,
        2,
        2,
        null,
        null,
        null,
        1,
        1,
        16,
        16,
        null,
        null,
        2,
        2,
        null,
        1,
        1,
        1,
        null,
        null,
        2,
        null,
        null,
        1,
        1,
        2,
        null,
        null,
        2,
        1,
        1,
        null,
        null,
        null,
        1,
        1,
        2,
        null,
        1,
        1,
        9,
        null,
        null,
        2,
        2,
        2,
        null,
        1,
        1,
        6,
        null,
        null,
        2,
        2,
        2,
        null,
        1,
        1,
        3,
        null,
        null,
        2,
        2,
        2,
        null,
        null,
        null,
        null,
        null,
        1,
        2,
        null,
        1,
        1,
        null,
        null,
        2,
        null,
        null,
        null,
        null,
        null,
        1,
        1,
        1,
        2,
        null,
        null,
        1,
        1,
        null,
        2,
        null,
        null,
        1,
        3,
        3,
        1,
        2,
        2,
        2,
        2,
        2,
        2,
        2,
        2,
        null,
        null,
        2,
        2,
        null,
        null,
        null,
        1,
        5,
        null,
        1,
        1,
        2,
        null,
        null,
        1,
        1,
        null,
        2,
        null,
        null,
        1,
        3,
        1,
        2,
        2,
        2,
        2,
        null,
        null,
        2,
        2,
        null,
        null,
        null
      ],
      "/Users/01014501/src/twi_event/spec/features/facebookauth_spec.rb": [
        1,
        null,
        1,
        12,
        null,
        1,
        8,
        1,
        1,
        7,
        null,
        null,
        null,
        null,
        null,
        null,
        null,
        null,
        null,
        null,
        null,
        null,
        null,
        7,
        7,
        7,
        null,
        null,
        2,
        2,
        2,
        2,
        2,
        2,
        2,
        null,
        null,
        10,
        null,
        1,
        1,
        7,
        null,
        null,
        null,
        null,
        null,
        null,
        null,
        null,
        null,
        null,
        null,
        null,
        null,
        7,
        7,
        7,
        null,
        null,
        2,
        2,
        2,
        2,
        2,
        2,
        2,
        null,
        null,
        1,
        1,
        2,
        2,
        2,
        null,
        null,
        2,
        2,
        null,
        null,
        null,
        1,
        1,
        4,
        null,
        1,
        3,
        null,
        null,
        2,
        2,
        2,
        null,
        null,
        1,
        7,
        null,
        1,
        6,
        6,
        null,
        null,
        2,
        2,
        2,
        null,
        1,
        1,
        3,
        null,
        null,
        2,
        2,
        2,
        null,
        null,
        null,
        null
      ],
      "/Users/01014501/src/twi_event/spec/features/githubauth_spec.rb": [
        1,
        null,
        1,
        10,
        null,
        1,
        null,
        10,
        1,
        1,
        7,
        null,
        null,
        null,
        null,
        null,
        null,
        null,
        null,
        null,
        null,
        null,
        null,
        7,
        7,
        7,
        null,
        null,
        2,
        2,
        2,
        2,
        2,
        2,
        2,
        null,
        null,
        1,
        1,
        2,
        2,
        2,
        null,
        null,
        2,
        2,
        null,
        null,
        null,
        1,
        1,
        4,
        null,
        1,
        3,
        null,
        null,
        2,
        2,
        2,
        null,
        null,
        1,
        7,
        null,
        1,
        6,
        6,
        null,
        null,
        2,
        2,
        2,
        null,
        1,
        1,
        3,
        null,
        null,
        2,
        2,
        2,
        null,
        null,
        null,
        null
      ],
      "/Users/01014501/src/twi_event/spec/features/omniauth_spec.rb": [
        1,
        null,
        1,
        10,
        null,
        1,
        6,
        null,
        1,
        1,
        3,
        null,
        null,
        null,
        null,
        null,
        null,
        null,
        null,
        null,
        null,
        null,
        null,
        null,
        null,
        3,
        3,
        null,
        null,
        2,
        2,
        2,
        null,
        null,
        1,
        1,
        2,
        2,
        2,
        null,
        null,
        2,
        2,
        null,
        null,
        null,
        1,
        1,
        4,
        null,
        1,
        3,
        null,
        null,
        2,
        2,
        2,
        null,
        null,
        1,
        7,
        null,
        1,
        6,
        6,
        null,
        null,
        2,
        2,
        2,
        null,
        1,
        1,
        3,
        null,
        null,
        2,
        2,
        2,
        null,
        null,
        null,
        null
      ],
      "/Users/01014501/src/twi_event/spec/features/tweet_spec.rb": [
        1,
        1,
        5,
        null,
        1,
        null,
        6,
        1,
        2,
        1,
        1,
        1,
        null,
        2,
        null,
        1,
        2,
        1,
        1,
        1,
        null,
        2,
        null,
        null,
        1,
        2,
        1,
        1,
        1,
        null,
        2,
        null,
        null,
        1,
        3,
        1,
        2,
        2,
        2,
        2,
        2,
        2,
        null,
        2,
        2,
        null,
        null,
        null
      ],
      "/Users/01014501/src/twi_event/spec/features/users_spec.rb": [
        1,
        null,
        1,
        5,
        null,
        5,
        1,
        4,
        null,
        null,
        1,
        2,
        2,
        2,
        2,
        null,
        null
      ],
      "/Users/01014501/src/twi_event/spec/features/waiting_spec.rb": [
        1,
        1,
        4,
        1,
        20,
        20,
        20,
        20,
        1,
        19,
        null,
        null,
        2,
        null,
        1,
        1,
        14,
        14,
        null,
        null,
        1,
        1,
        2,
        null,
        1,
        1,
        12,
        null,
        null,
        2,
        2,
        2,
        2,
        null,
        1,
        1,
        8,
        null,
        null,
        2,
        2,
        2,
        2,
        null,
        1,
        1,
        4,
        null,
        null,
        2,
        2,
        2,
        2,
        null,
        null,
        null,
        null,
        null,
        null,
        1,
        2,
        null,
        1,
        1,
        null,
        null,
        2,
        null,
        null,
        null,
        null,
        1,
        5,
        1,
        4,
        4,
        null,
        1,
        1,
        1,
        4,
        null,
        null,
        2,
        2,
        2,
        2,
        null,
        null,
        null,
        null,
        null,
        null
      ],
      "/Users/01014501/src/twi_event/spec/helpers/sessions_helper_spec.rb": [
        1,
        null,
        null,
        null,
        null,
        null,
        null,
        null,
        null,
        null,
        null,
        null,
        1,
        null
      ],
      "/Users/01014501/src/twi_event/spec/models/atendee_spec.rb": [
        1,
        null,
        1,
        null,
        null
      ],
      "/Users/01014501/src/twi_event/app/models/atendee.rb": [
        1,
        1,
        1,
        1,
        291,
        null,
        1,
        157,
        null,
        null,
        1,
        null,
        175,
        null,
        1,
        168,
        null,
        1,
        220,
        null,
        null,
        1,
        127,
        34,
        null,
        93,
        null,
        null,
        null,
        1,
        87,
        51,
        null,
        36,
        null,
        null,
        null,
        1,
        127,
        34,
        93,
        87,
        51,
        null,
        36,
        null,
        null,
        6,
        null,
        null,
        null,
        1,
        21,
        21,
        21,
        null,
        null,
        null
      ],
      "/Users/01014501/src/twi_event/spec/models/event_spec.rb": [
        1,
        null,
        1,
        1,
        1,
        1,
        null,
        null,
        null,
        null,
        null,
        null,
        null,
        null,
        1,
        null,
        null,
        null,
        null,
        null,
        null,
        null,
        null,
        null,
        null,
        null,
        null,
        null,
        null,
        1,
        1,
        null,
        null,
        null,
        null,
        null,
        null,
        null,
        null,
        1,
        null,
        1,
        1,
        null,
        null,
        null,
        null,
        null,
        null,
        null,
        null,
        1,
        null,
        1,
        1,
        null,
        null,
        null,
        null,
        null,
        null,
        null,
        null,
        1,
        null,
        1,
        1,
        null,
        null,
        null,
        null,
        null,
        null,
        null,
        null,
        1,
        null,
        null,
        1,
        null
      ],
      "/Users/01014501/src/twi_event/app/models/event.rb": [
        1,
        1,
        1,
        1,
        null,
        1,
        null,
        1,
        1,
        1,
        1,
        1,
        null,
        1,
        0,
        null,
        1,
        0,
        null,
        null
      ],
      "/Users/01014501/src/twi_event/spec/models/user_spec.rb": [
        1,
        null,
        1,
        1,
        1,
        null,
        null,
        null,
        null,
        null,
        null,
        null,
        1,
        null,
        null,
        1,
        1,
        null,
        null,
        null,
        null,
        null,
        null,
        null,
        1,
        null,
        null,
        1,
        1,
        null,
        null,
        null,
        null,
        null,
        null,
        null,
        1,
        null,
        null,
        1,
        1,
        null,
        null,
        null,
        null,
        null,
        null,
        null,
        1,
        null,
        null,
        null
      ],
      "/Users/01014501/src/twi_event/app/models/user.rb": [
        1,
        1,
        1,
        55,
        55,
        55,
        1,
        1,
        1,
        1,
        1,
        null,
        null,
        1,
        14,
        14,
        14,
        14,
        14,
        14,
        14,
        14,
        14,
        14,
        null,
        0,
        0,
        0,
        null,
        14,
        null,
        null,
        1,
        31,
        31,
        31,
        14,
        14,
        null,
        17,
        17,
        null,
        31,
        31,
        31,
        null,
        null
      ],
      "/Users/01014501/src/twi_event/app/uploaders/image_uploader.rb": [
        null,
        null,
        1,
        null,
        null,
        null,
        null,
        null,
        null,
        1,
        null,
        null,
        null,
        null,
        1,
        7,
        null,
        null,
        null,
        null,
        null,
        null,
        null,
        null,
        null,
        null,
        null,
        null,
        null,
        null,
        null,
        null,
        null,
        null,
        null,
        null,
        null,
        null,
        null,
        null,
        null,
        null,
        null,
        null,
        null,
        null,
        null,
        null,
        null,
        null,
        null
      ],
      "/Users/01014501/src/twi_event/spec/views/events/detail.html.erb_spec.rb": [
        1,
        null,
        1,
        null
      ],
      "/Users/01014501/src/twi_event/spec/views/events/index.html.erb_spec.rb": [
        1,
        null,
        1,
        null
      ],
      "/Users/01014501/src/twi_event/spec/views/sessions/create.html.haml_spec.rb": [
        1,
        null,
        1,
        null
      ],
      "/Users/01014501/src/twi_event/spec/views/sessions/destroy.html.haml_spec.rb": [
        1,
        null,
        1,
        null
      ],
      "/Users/01014501/src/twi_event/spec/views/sessions/new.html.haml_spec.rb": [
        1,
        null,
        1,
        null
      ],
      "/Users/01014501/src/twi_event/spec/views/users/create.html.haml_spec.rb": [
        1,
        null,
        1,
        null
      ],
      "/Users/01014501/src/twi_event/spec/views/users/destroy.html.haml_spec.rb": [
        1,
        null,
        1,
        null
      ],
      "/Users/01014501/src/twi_event/spec/views/users/new.html.haml_spec.rb": [
        1,
        null,
        1,
        null
      ]
    },
    "timestamp": 1463650549
  }
}
